which: no javac in (/home/balves/.bun/bin:/home/balves/.pyenv/plugins/pyenv-virtualenv/shims:/home/balves/.pyenv/shims:/home/balves/.pyenv/bin:/home/balves/.nvm/versions/node/v22.18.0/bin:/home/balves/.local/bin:/home/balves/bin:/home/balves/.cargo/bin:/usr/local/bin:/usr/bin:/home/balves/.local/share/JetBrains/Toolbox/scripts:/home/balves/.local/share/JetBrains/Toolbox/scripts)
Warning: JAVA_HOME environment variable is not set.
[INFO] Scanning for projects...
[INFO]                                                                         
[INFO] ------------------------------------------------------------------------
[INFO] Building extract 2.3.0
[INFO] ------------------------------------------------------------------------
[INFO] 
[INFO] >>> spring-boot-maven-plugin:2.7.18:run (default-cli) > test-compile @ extract >>>
[INFO] 
[INFO] --- properties-maven-plugin:1.0.0:read-project-properties (default) @ extract ---
[INFO] 
[INFO] --- maven-resources-plugin:3.2.0:resources (default-resources) @ extract ---
[INFO] Using 'UTF-8' encoding to copy filtered resources.
[INFO] Using 'UTF-8' encoding to copy filtered properties files.
[INFO] Copying 4517 resources
[INFO] 
[INFO] --- maven-compiler-plugin:3.8.0:compile (default-compile) @ extract ---
[INFO] Required filename-based automodules detected. Please don't publish this project to a public artifact repository!
[INFO] Nothing to compile - all classes are up to date
[INFO] 
[INFO] --- replacer:1.5.1:replace (default) @ extract ---
[INFO] Replacement run on 89 files.
[INFO] 
[INFO] --- maven-resources-plugin:3.2.0:testResources (default-testResources) @ extract ---
[INFO] Using 'UTF-8' encoding to copy filtered resources.
[INFO] Using 'UTF-8' encoding to copy filtered properties files.
[INFO] skip non existing resourceDirectory /home/balves/IdeaProjects/extract/extract/src/test/resources
[INFO] 
[INFO] --- maven-compiler-plugin:3.8.0:testCompile (default-testCompile) @ extract ---
[INFO] Changes detected - recompiling the module!
[INFO] Compiling 42 source files to /home/balves/IdeaProjects/extract/extract/target/test-classes
[INFO] /home/balves/IdeaProjects/extract/extract/src/test/java/ch/asit_asso/extract/integration/taskplugins/FmeDesktopIntegrationTest.java: /home/balves/IdeaProjects/extract/extract/src/test/java/ch/asit_asso/extract/integration/taskplugins/FmeDesktopIntegrationTest.java uses or overrides a deprecated API.
[INFO] /home/balves/IdeaProjects/extract/extract/src/test/java/ch/asit_asso/extract/integration/taskplugins/FmeDesktopIntegrationTest.java: Recompile with -Xlint:deprecation for details.
[INFO] 
[INFO] <<< spring-boot-maven-plugin:2.7.18:run (default-cli) < test-compile @ extract <<<
[INFO] 
[INFO] --- spring-boot-maven-plugin:2.7.18:run (default-cli) @ extract ---
[INFO] Attaching agents: []
08:39:16.086 [main] INFO ch.asit_asso.extract.ExtractApplication - Starting Extract application.
08:39:16.207 [Thread-0] DEBUG org.springframework.boot.devtools.restart.classloader.RestartClassLoader - Created RestartClassLoader org.springframework.boot.devtools.restart.classloader.RestartClassLoader@17a023c3
08:39:16.209 [restartedMain] INFO ch.asit_asso.extract.ExtractApplication - Starting Extract application.
Logging system failed to initialize using configuration from 'classpath:logback-spring.xml'
java.lang.IllegalStateException: Logback configuration error detected: 
ERROR in ch.qos.logback.core.rolling.RollingFileAppender[FILE] - Failed to create parent directories for [/var/log/extract/extract.2025-10-27.log]
ERROR in ch.qos.logback.core.rolling.RollingFileAppender[FILE] - openFile(null,true) call failed. java.io.FileNotFoundException: /var/log/extract/extract.2025-10-27.log (No such file or directory)
ERROR in ch.qos.logback.core.rolling.RollingFileAppender[EMAIL-FILE] - Failed to create parent directories for [/var/log/extract/email.2025-10-27.log]
ERROR in ch.qos.logback.core.rolling.RollingFileAppender[EMAIL-FILE] - openFile(null,true) call failed. java.io.FileNotFoundException: /var/log/extract/email.2025-10-27.log (No such file or directory)
ERROR in ch.qos.logback.core.rolling.RollingFileAppender[HIBERNATE-FILE] - Failed to create parent directories for [/var/log/extract/hibernate.2025-10-27.log]
ERROR in ch.qos.logback.core.rolling.RollingFileAppender[HIBERNATE-FILE] - openFile(null,true) call failed. java.io.FileNotFoundException: /var/log/extract/hibernate.2025-10-27.log (No such file or directory)
ERROR in ch.qos.logback.core.rolling.RollingFileAppender[CONNECTORS-FILE] - Failed to create parent directories for [/var/log/extract/connectors.2025-10-27.log]
ERROR in ch.qos.logback.core.rolling.RollingFileAppender[CONNECTORS-FILE] - openFile(null,true) call failed. java.io.FileNotFoundException: /var/log/extract/connectors.2025-10-27.log (No such file or directory)
ERROR in ch.qos.logback.core.rolling.RollingFileAppender[ORCHESTRATOR-FILE] - Failed to create parent directories for [/var/log/extract/orchestrator.2025-10-27.log]
ERROR in ch.qos.logback.core.rolling.RollingFileAppender[ORCHESTRATOR-FILE] - openFile(null,true) call failed. java.io.FileNotFoundException: /var/log/extract/orchestrator.2025-10-27.log (No such file or directory)
ERROR in ch.qos.logback.core.rolling.RollingFileAppender[TASKS-FILE] - Failed to create parent directories for [/var/log/extract/task-plugins.2025-10-27.log]
ERROR in ch.qos.logback.core.rolling.RollingFileAppender[TASKS-FILE] - openFile(null,true) call failed. java.io.FileNotFoundException: /var/log/extract/task-plugins.2025-10-27.log (No such file or directory)
ERROR in ch.qos.logback.core.rolling.RollingFileAppender[THYMELEAF-FILE] - Failed to create parent directories for [/var/log/extract/thymeleaf.2025-10-27.log]
ERROR in ch.qos.logback.core.rolling.RollingFileAppender[THYMELEAF-FILE] - openFile(null,true) call failed. java.io.FileNotFoundException: /var/log/extract/thymeleaf.2025-10-27.log (No such file or directory)
ERROR in ch.qos.logback.core.rolling.RollingFileAppender[WEB-FILE] - Failed to create parent directories for [/var/log/extract/web.2025-10-27.log]
ERROR in ch.qos.logback.core.rolling.RollingFileAppender[WEB-FILE] - openFile(null,true) call failed. java.io.FileNotFoundException: /var/log/extract/web.2025-10-27.log (No such file or directory)
	at org.springframework.boot.logging.logback.LogbackLoggingSystem.reportConfigurationErrorsIfNecessary(LogbackLoggingSystem.java:189)
	at org.springframework.boot.logging.logback.LogbackLoggingSystem.loadConfiguration(LogbackLoggingSystem.java:170)
	at org.springframework.boot.logging.AbstractLoggingSystem.initializeWithSpecificConfig(AbstractLoggingSystem.java:66)
	at org.springframework.boot.logging.AbstractLoggingSystem.initialize(AbstractLoggingSystem.java:57)
	at org.springframework.boot.logging.logback.LogbackLoggingSystem.initialize(LogbackLoggingSystem.java:132)
	at org.springframework.boot.context.logging.LoggingApplicationListener.initializeSystem(LoggingApplicationListener.java:332)
	at org.springframework.boot.context.logging.LoggingApplicationListener.initialize(LoggingApplicationListener.java:298)
	at org.springframework.boot.context.logging.LoggingApplicationListener.onApplicationEnvironmentPreparedEvent(LoggingApplicationListener.java:246)
	at org.springframework.boot.context.logging.LoggingApplicationListener.onApplicationEvent(LoggingApplicationListener.java:223)
	at org.springframework.context.event.SimpleApplicationEventMulticaster.doInvokeListener(SimpleApplicationEventMulticaster.java:178)
	at org.springframework.context.event.SimpleApplicationEventMulticaster.invokeListener(SimpleApplicationEventMulticaster.java:171)
	at org.springframework.context.event.SimpleApplicationEventMulticaster.multicastEvent(SimpleApplicationEventMulticaster.java:145)
	at org.springframework.context.event.SimpleApplicationEventMulticaster.multicastEvent(SimpleApplicationEventMulticaster.java:133)
	at org.springframework.boot.context.event.EventPublishingRunListener.environmentPrepared(EventPublishingRunListener.java:85)
	at org.springframework.boot.SpringApplicationRunListeners.lambda$environmentPrepared$2(SpringApplicationRunListeners.java:66)
	at java.base/java.util.ArrayList.forEach(ArrayList.java:1596)
	at org.springframework.boot.SpringApplicationRunListeners.doWithListeners(SpringApplicationRunListeners.java:120)
	at org.springframework.boot.SpringApplicationRunListeners.doWithListeners(SpringApplicationRunListeners.java:114)
	at org.springframework.boot.SpringApplicationRunListeners.environmentPrepared(SpringApplicationRunListeners.java:65)
	at org.springframework.boot.SpringApplication.prepareEnvironment(SpringApplication.java:344)
	at org.springframework.boot.SpringApplication.run(SpringApplication.java:302)
	at org.springframework.boot.SpringApplication.run(SpringApplication.java:1300)
	at org.springframework.boot.SpringApplication.run(SpringApplication.java:1289)
	at ch.asit_asso.extract.ExtractApplication.main(ExtractApplication.java:51)
	at java.base/jdk.internal.reflect.DirectMethodHandleAccessor.invoke(DirectMethodHandleAccessor.java:103)
	at java.base/java.lang.reflect.Method.invoke(Method.java:580)
	at org.springframework.boot.devtools.restart.RestartLauncher.run(RestartLauncher.java:50)
	Suppressed: java.io.FileNotFoundException: /var/log/extract/extract.2025-10-27.log (No such file or directory)
		at java.base/java.io.FileOutputStream.open0(Native Method)
		at java.base/java.io.FileOutputStream.open(FileOutputStream.java:289)
		at java.base/java.io.FileOutputStream.<init>(FileOutputStream.java:230)
		at ch.qos.logback.core.recovery.ResilientFileOutputStream.<init>(ResilientFileOutputStream.java:26)
		at ch.qos.logback.core.FileAppender.openFile(FileAppender.java:204)
		at ch.qos.logback.core.FileAppender.start(FileAppender.java:127)
		at ch.qos.logback.core.rolling.RollingFileAppender.start(RollingFileAppender.java:100)
		at ch.qos.logback.core.joran.action.AppenderAction.end(AppenderAction.java:90)
		at ch.qos.logback.core.joran.spi.Interpreter.callEndAction(Interpreter.java:309)
		at ch.qos.logback.core.joran.spi.Interpreter.endElement(Interpreter.java:193)
		at ch.qos.logback.core.joran.spi.Interpreter.endElement(Interpreter.java:179)
		at ch.qos.logback.core.joran.spi.EventPlayer.play(EventPlayer.java:62)
		at ch.qos.logback.core.joran.GenericConfigurator.doConfigure(GenericConfigurator.java:165)
		at ch.qos.logback.core.joran.GenericConfigurator.doConfigure(GenericConfigurator.java:152)
		at ch.qos.logback.core.joran.GenericConfigurator.doConfigure(GenericConfigurator.java:110)
		at ch.qos.logback.core.joran.GenericConfigurator.doConfigure(GenericConfigurator.java:53)
		at org.springframework.boot.logging.logback.LogbackLoggingSystem.configureByResourceUrl(LogbackLoggingSystem.java:199)
		at org.springframework.boot.logging.logback.LogbackLoggingSystem.loadConfiguration(LogbackLoggingSystem.java:165)
		... 25 more
	Suppressed: java.io.FileNotFoundException: /var/log/extract/email.2025-10-27.log (No such file or directory)
		at java.base/java.io.FileOutputStream.open0(Native Method)
		at java.base/java.io.FileOutputStream.open(FileOutputStream.java:289)
		at java.base/java.io.FileOutputStream.<init>(FileOutputStream.java:230)
		at ch.qos.logback.core.recovery.ResilientFileOutputStream.<init>(ResilientFileOutputStream.java:26)
		at ch.qos.logback.core.FileAppender.openFile(FileAppender.java:204)
		at ch.qos.logback.core.FileAppender.start(FileAppender.java:127)
		at ch.qos.logback.core.rolling.RollingFileAppender.start(RollingFileAppender.java:100)
		at ch.qos.logback.core.joran.action.AppenderAction.end(AppenderAction.java:90)
		at ch.qos.logback.core.joran.spi.Interpreter.callEndAction(Interpreter.java:309)
		at ch.qos.logback.core.joran.spi.Interpreter.endElement(Interpreter.java:193)
		at ch.qos.logback.core.joran.spi.Interpreter.endElement(Interpreter.java:179)
		at ch.qos.logback.core.joran.spi.EventPlayer.play(EventPlayer.java:62)
		at ch.qos.logback.core.joran.GenericConfigurator.doConfigure(GenericConfigurator.java:165)
		at ch.qos.logback.core.joran.GenericConfigurator.doConfigure(GenericConfigurator.java:152)
		at ch.qos.logback.core.joran.GenericConfigurator.doConfigure(GenericConfigurator.java:110)
		at ch.qos.logback.core.joran.GenericConfigurator.doConfigure(GenericConfigurator.java:53)
		at org.springframework.boot.logging.logback.LogbackLoggingSystem.configureByResourceUrl(LogbackLoggingSystem.java:199)
		at org.springframework.boot.logging.logback.LogbackLoggingSystem.loadConfiguration(LogbackLoggingSystem.java:165)
		... 25 more
	Suppressed: java.io.FileNotFoundException: /var/log/extract/hibernate.2025-10-27.log (No such file or directory)
		at java.base/java.io.FileOutputStream.open0(Native Method)
		at java.base/java.io.FileOutputStream.open(FileOutputStream.java:289)
		at java.base/java.io.FileOutputStream.<init>(FileOutputStream.java:230)
		at ch.qos.logback.core.recovery.ResilientFileOutputStream.<init>(ResilientFileOutputStream.java:26)
		at ch.qos.logback.core.FileAppender.openFile(FileAppender.java:204)
		at ch.qos.logback.core.FileAppender.start(FileAppender.java:127)
		at ch.qos.logback.core.rolling.RollingFileAppender.start(RollingFileAppender.java:100)
		at ch.qos.logback.core.joran.action.AppenderAction.end(AppenderAction.java:90)
		at ch.qos.logback.core.joran.spi.Interpreter.callEndAction(Interpreter.java:309)
		at ch.qos.logback.core.joran.spi.Interpreter.endElement(Interpreter.java:193)
		at ch.qos.logback.core.joran.spi.Interpreter.endElement(Interpreter.java:179)
		at ch.qos.logback.core.joran.spi.EventPlayer.play(EventPlayer.java:62)
		at ch.qos.logback.core.joran.GenericConfigurator.doConfigure(GenericConfigurator.java:165)
		at ch.qos.logback.core.joran.GenericConfigurator.doConfigure(GenericConfigurator.java:152)
		at ch.qos.logback.core.joran.GenericConfigurator.doConfigure(GenericConfigurator.java:110)
		at ch.qos.logback.core.joran.GenericConfigurator.doConfigure(GenericConfigurator.java:53)
		at org.springframework.boot.logging.logback.LogbackLoggingSystem.configureByResourceUrl(LogbackLoggingSystem.java:199)
		at org.springframework.boot.logging.logback.LogbackLoggingSystem.loadConfiguration(LogbackLoggingSystem.java:165)
		... 25 more
	Suppressed: java.io.FileNotFoundException: /var/log/extract/connectors.2025-10-27.log (No such file or directory)
		at java.base/java.io.FileOutputStream.open0(Native Method)
		at java.base/java.io.FileOutputStream.open(FileOutputStream.java:289)
		at java.base/java.io.FileOutputStream.<init>(FileOutputStream.java:230)
		at ch.qos.logback.core.recovery.ResilientFileOutputStream.<init>(ResilientFileOutputStream.java:26)
		at ch.qos.logback.core.FileAppender.openFile(FileAppender.java:204)
		at ch.qos.logback.core.FileAppender.start(FileAppender.java:127)
		at ch.qos.logback.core.rolling.RollingFileAppender.start(RollingFileAppender.java:100)
		at ch.qos.logback.core.joran.action.AppenderAction.end(AppenderAction.java:90)
		at ch.qos.logback.core.joran.spi.Interpreter.callEndAction(Interpreter.java:309)
		at ch.qos.logback.core.joran.spi.Interpreter.endElement(Interpreter.java:193)
		at ch.qos.logback.core.joran.spi.Interpreter.endElement(Interpreter.java:179)
		at ch.qos.logback.core.joran.spi.EventPlayer.play(EventPlayer.java:62)
		at ch.qos.logback.core.joran.GenericConfigurator.doConfigure(GenericConfigurator.java:165)
		at ch.qos.logback.core.joran.GenericConfigurator.doConfigure(GenericConfigurator.java:152)
		at ch.qos.logback.core.joran.GenericConfigurator.doConfigure(GenericConfigurator.java:110)
		at ch.qos.logback.core.joran.GenericConfigurator.doConfigure(GenericConfigurator.java:53)
		at org.springframework.boot.logging.logback.LogbackLoggingSystem.configureByResourceUrl(LogbackLoggingSystem.java:199)
		at org.springframework.boot.logging.logback.LogbackLoggingSystem.loadConfiguration(LogbackLoggingSystem.java:165)
		... 25 more
	Suppressed: java.io.FileNotFoundException: /var/log/extract/orchestrator.2025-10-27.log (No such file or directory)
		at java.base/java.io.FileOutputStream.open0(Native Method)
		at java.base/java.io.FileOutputStream.open(FileOutputStream.java:289)
		at java.base/java.io.FileOutputStream.<init>(FileOutputStream.java:230)
		at ch.qos.logback.core.recovery.ResilientFileOutputStream.<init>(ResilientFileOutputStream.java:26)
		at ch.qos.logback.core.FileAppender.openFile(FileAppender.java:204)
		at ch.qos.logback.core.FileAppender.start(FileAppender.java:127)
		at ch.qos.logback.core.rolling.RollingFileAppender.start(RollingFileAppender.java:100)
		at ch.qos.logback.core.joran.action.AppenderAction.end(AppenderAction.java:90)
		at ch.qos.logback.core.joran.spi.Interpreter.callEndAction(Interpreter.java:309)
		at ch.qos.logback.core.joran.spi.Interpreter.endElement(Interpreter.java:193)
		at ch.qos.logback.core.joran.spi.Interpreter.endElement(Interpreter.java:179)
		at ch.qos.logback.core.joran.spi.EventPlayer.play(EventPlayer.java:62)
		at ch.qos.logback.core.joran.GenericConfigurator.doConfigure(GenericConfigurator.java:165)
		at ch.qos.logback.core.joran.GenericConfigurator.doConfigure(GenericConfigurator.java:152)
		at ch.qos.logback.core.joran.GenericConfigurator.doConfigure(GenericConfigurator.java:110)
		at ch.qos.logback.core.joran.GenericConfigurator.doConfigure(GenericConfigurator.java:53)
		at org.springframework.boot.logging.logback.LogbackLoggingSystem.configureByResourceUrl(LogbackLoggingSystem.java:199)
		at org.springframework.boot.logging.logback.LogbackLoggingSystem.loadConfiguration(LogbackLoggingSystem.java:165)
		... 25 more
	Suppressed: java.io.FileNotFoundException: /var/log/extract/task-plugins.2025-10-27.log (No such file or directory)
		at java.base/java.io.FileOutputStream.open0(Native Method)
		at java.base/java.io.FileOutputStream.open(FileOutputStream.java:289)
		at java.base/java.io.FileOutputStream.<init>(FileOutputStream.java:230)
		at ch.qos.logback.core.recovery.ResilientFileOutputStream.<init>(ResilientFileOutputStream.java:26)
		at ch.qos.logback.core.FileAppender.openFile(FileAppender.java:204)
		at ch.qos.logback.core.FileAppender.start(FileAppender.java:127)
		at ch.qos.logback.core.rolling.RollingFileAppender.start(RollingFileAppender.java:100)
		at ch.qos.logback.core.joran.action.AppenderAction.end(AppenderAction.java:90)
		at ch.qos.logback.core.joran.spi.Interpreter.callEndAction(Interpreter.java:309)
		at ch.qos.logback.core.joran.spi.Interpreter.endElement(Interpreter.java:193)
		at ch.qos.logback.core.joran.spi.Interpreter.endElement(Interpreter.java:179)
		at ch.qos.logback.core.joran.spi.EventPlayer.play(EventPlayer.java:62)
		at ch.qos.logback.core.joran.GenericConfigurator.doConfigure(GenericConfigurator.java:165)
		at ch.qos.logback.core.joran.GenericConfigurator.doConfigure(GenericConfigurator.java:152)
		at ch.qos.logback.core.joran.GenericConfigurator.doConfigure(GenericConfigurator.java:110)
		at ch.qos.logback.core.joran.GenericConfigurator.doConfigure(GenericConfigurator.java:53)
		at org.springframework.boot.logging.logback.LogbackLoggingSystem.configureByResourceUrl(LogbackLoggingSystem.java:199)
		at org.springframework.boot.logging.logback.LogbackLoggingSystem.loadConfiguration(LogbackLoggingSystem.java:165)
		... 25 more
	Suppressed: java.io.FileNotFoundException: /var/log/extract/thymeleaf.2025-10-27.log (No such file or directory)
		at java.base/java.io.FileOutputStream.open0(Native Method)
		at java.base/java.io.FileOutputStream.open(FileOutputStream.java:289)
		at java.base/java.io.FileOutputStream.<init>(FileOutputStream.java:230)
		at ch.qos.logback.core.recovery.ResilientFileOutputStream.<init>(ResilientFileOutputStream.java:26)
		at ch.qos.logback.core.FileAppender.openFile(FileAppender.java:204)
		at ch.qos.logback.core.FileAppender.start(FileAppender.java:127)
		at ch.qos.logback.core.rolling.RollingFileAppender.start(RollingFileAppender.java:100)
		at ch.qos.logback.core.joran.action.AppenderAction.end(AppenderAction.java:90)
		at ch.qos.logback.core.joran.spi.Interpreter.callEndAction(Interpreter.java:309)
		at ch.qos.logback.core.joran.spi.Interpreter.endElement(Interpreter.java:193)
		at ch.qos.logback.core.joran.spi.Interpreter.endElement(Interpreter.java:179)
		at ch.qos.logback.core.joran.spi.EventPlayer.play(EventPlayer.java:62)
		at ch.qos.logback.core.joran.GenericConfigurator.doConfigure(GenericConfigurator.java:165)
		at ch.qos.logback.core.joran.GenericConfigurator.doConfigure(GenericConfigurator.java:152)
		at ch.qos.logback.core.joran.GenericConfigurator.doConfigure(GenericConfigurator.java:110)
		at ch.qos.logback.core.joran.GenericConfigurator.doConfigure(GenericConfigurator.java:53)
		at org.springframework.boot.logging.logback.LogbackLoggingSystem.configureByResourceUrl(LogbackLoggingSystem.java:199)
		at org.springframework.boot.logging.logback.LogbackLoggingSystem.loadConfiguration(LogbackLoggingSystem.java:165)
		... 25 more
	Suppressed: java.io.FileNotFoundException: /var/log/extract/web.2025-10-27.log (No such file or directory)
		at java.base/java.io.FileOutputStream.open0(Native Method)
		at java.base/java.io.FileOutputStream.open(FileOutputStream.java:289)
		at java.base/java.io.FileOutputStream.<init>(FileOutputStream.java:230)
		at ch.qos.logback.core.recovery.ResilientFileOutputStream.<init>(ResilientFileOutputStream.java:26)
		at ch.qos.logback.core.FileAppender.openFile(FileAppender.java:204)
		at ch.qos.logback.core.FileAppender.start(FileAppender.java:127)
		at ch.qos.logback.core.rolling.RollingFileAppender.start(RollingFileAppender.java:100)
		at ch.qos.logback.core.joran.action.AppenderAction.end(AppenderAction.java:90)
		at ch.qos.logback.core.joran.spi.Interpreter.callEndAction(Interpreter.java:309)
		at ch.qos.logback.core.joran.spi.Interpreter.endElement(Interpreter.java:193)
		at ch.qos.logback.core.joran.spi.Interpreter.endElement(Interpreter.java:179)
		at ch.qos.logback.core.joran.spi.EventPlayer.play(EventPlayer.java:62)
		at ch.qos.logback.core.joran.GenericConfigurator.doConfigure(GenericConfigurator.java:165)
		at ch.qos.logback.core.joran.GenericConfigurator.doConfigure(GenericConfigurator.java:152)
		at ch.qos.logback.core.joran.GenericConfigurator.doConfigure(GenericConfigurator.java:110)
		at ch.qos.logback.core.joran.GenericConfigurator.doConfigure(GenericConfigurator.java:53)
		at org.springframework.boot.logging.logback.LogbackLoggingSystem.configureByResourceUrl(LogbackLoggingSystem.java:199)
		at org.springframework.boot.logging.logback.LogbackLoggingSystem.loadConfiguration(LogbackLoggingSystem.java:165)
		... 25 more
08:39:16.490 [restartedMain] ERROR o.s.boot.SpringApplication - Application run failed
java.lang.IllegalStateException: java.lang.IllegalStateException: Logback configuration error detected: 
ERROR in ch.qos.logback.core.rolling.RollingFileAppender[FILE] - Failed to create parent directories for [/var/log/extract/extract.2025-10-27.log]
ERROR in ch.qos.logback.core.rolling.RollingFileAppender[FILE] - openFile(null,true) call failed. java.io.FileNotFoundException: /var/log/extract/extract.2025-10-27.log (No such file or directory)
ERROR in ch.qos.logback.core.rolling.RollingFileAppender[EMAIL-FILE] - Failed to create parent directories for [/var/log/extract/email.2025-10-27.log]
ERROR in ch.qos.logback.core.rolling.RollingFileAppender[EMAIL-FILE] - openFile(null,true) call failed. java.io.FileNotFoundException: /var/log/extract/email.2025-10-27.log (No such file or directory)
ERROR in ch.qos.logback.core.rolling.RollingFileAppender[HIBERNATE-FILE] - Failed to create parent directories for [/var/log/extract/hibernate.2025-10-27.log]
ERROR in ch.qos.logback.core.rolling.RollingFileAppender[HIBERNATE-FILE] - openFile(null,true) call failed. java.io.FileNotFoundException: /var/log/extract/hibernate.2025-10-27.log (No such file or directory)
ERROR in ch.qos.logback.core.rolling.RollingFileAppender[CONNECTORS-FILE] - Failed to create parent directories for [/var/log/extract/connectors.2025-10-27.log]
ERROR in ch.qos.logback.core.rolling.RollingFileAppender[CONNECTORS-FILE] - openFile(null,true) call failed. java.io.FileNotFoundException: /var/log/extract/connectors.2025-10-27.log (No such file or directory)
ERROR in ch.qos.logback.core.rolling.RollingFileAppender[ORCHESTRATOR-FILE] - Failed to create parent directories for [/var/log/extract/orchestrator.2025-10-27.log]
ERROR in ch.qos.logback.core.rolling.RollingFileAppender[ORCHESTRATOR-FILE] - openFile(null,true) call failed. java.io.FileNotFoundException: /var/log/extract/orchestrator.2025-10-27.log (No such file or directory)
ERROR in ch.qos.logback.core.rolling.RollingFileAppender[TASKS-FILE] - Failed to create parent directories for [/var/log/extract/task-plugins.2025-10-27.log]
ERROR in ch.qos.logback.core.rolling.RollingFileAppender[TASKS-FILE] - openFile(null,true) call failed. java.io.FileNotFoundException: /var/log/extract/task-plugins.2025-10-27.log (No such file or directory)
ERROR in ch.qos.logback.core.rolling.RollingFileAppender[THYMELEAF-FILE] - Failed to create parent directories for [/var/log/extract/thymeleaf.2025-10-27.log]
ERROR in ch.qos.logback.core.rolling.RollingFileAppender[THYMELEAF-FILE] - openFile(null,true) call failed. java.io.FileNotFoundException: /var/log/extract/thymeleaf.2025-10-27.log (No such file or directory)
ERROR in ch.qos.logback.core.rolling.RollingFileAppender[WEB-FILE] - Failed to create parent directories for [/var/log/extract/web.2025-10-27.log]
ERROR in ch.qos.logback.core.rolling.RollingFileAppender[WEB-FILE] - openFile(null,true) call failed. java.io.FileNotFoundException: /var/log/extract/web.2025-10-27.log (No such file or directory)
	at org.springframework.boot.context.logging.LoggingApplicationListener.initializeSystem(LoggingApplicationListener.java:344)
	at org.springframework.boot.context.logging.LoggingApplicationListener.initialize(LoggingApplicationListener.java:298)
	at org.springframework.boot.context.logging.LoggingApplicationListener.onApplicationEnvironmentPreparedEvent(LoggingApplicationListener.java:246)
	at org.springframework.boot.context.logging.LoggingApplicationListener.onApplicationEvent(LoggingApplicationListener.java:223)
	at org.springframework.context.event.SimpleApplicationEventMulticaster.doInvokeListener(SimpleApplicationEventMulticaster.java:178)
	at org.springframework.context.event.SimpleApplicationEventMulticaster.invokeListener(SimpleApplicationEventMulticaster.java:171)
	at org.springframework.context.event.SimpleApplicationEventMulticaster.multicastEvent(SimpleApplicationEventMulticaster.java:145)
	at org.springframework.context.event.SimpleApplicationEventMulticaster.multicastEvent(SimpleApplicationEventMulticaster.java:133)
	at org.springframework.boot.context.event.EventPublishingRunListener.environmentPrepared(EventPublishingRunListener.java:85)
	at org.springframework.boot.SpringApplicationRunListeners.lambda$environmentPrepared$2(SpringApplicationRunListeners.java:66)
	at java.base/java.util.ArrayList.forEach(ArrayList.java:1596)
	at org.springframework.boot.SpringApplicationRunListeners.doWithListeners(SpringApplicationRunListeners.java:120)
	at org.springframework.boot.SpringApplicationRunListeners.doWithListeners(SpringApplicationRunListeners.java:114)
	at org.springframework.boot.SpringApplicationRunListeners.environmentPrepared(SpringApplicationRunListeners.java:65)
	at org.springframework.boot.SpringApplication.prepareEnvironment(SpringApplication.java:344)
	at org.springframework.boot.SpringApplication.run(SpringApplication.java:302)
	at org.springframework.boot.SpringApplication.run(SpringApplication.java:1300)
	at org.springframework.boot.SpringApplication.run(SpringApplication.java:1289)
	at ch.asit_asso.extract.ExtractApplication.main(ExtractApplication.java:51)
	at java.base/jdk.internal.reflect.DirectMethodHandleAccessor.invoke(DirectMethodHandleAccessor.java:103)
	at java.base/java.lang.reflect.Method.invoke(Method.java:580)
	at org.springframework.boot.devtools.restart.RestartLauncher.run(RestartLauncher.java:50)
Caused by: java.lang.IllegalStateException: Logback configuration error detected: 
ERROR in ch.qos.logback.core.rolling.RollingFileAppender[FILE] - Failed to create parent directories for [/var/log/extract/extract.2025-10-27.log]
ERROR in ch.qos.logback.core.rolling.RollingFileAppender[FILE] - openFile(null,true) call failed. java.io.FileNotFoundException: /var/log/extract/extract.2025-10-27.log (No such file or directory)
ERROR in ch.qos.logback.core.rolling.RollingFileAppender[EMAIL-FILE] - Failed to create parent directories for [/var/log/extract/email.2025-10-27.log]
ERROR in ch.qos.logback.core.rolling.RollingFileAppender[EMAIL-FILE] - openFile(null,true) call failed. java.io.FileNotFoundException: /var/log/extract/email.2025-10-27.log (No such file or directory)
ERROR in ch.qos.logback.core.rolling.RollingFileAppender[HIBERNATE-FILE] - Failed to create parent directories for [/var/log/extract/hibernate.2025-10-27.log]
ERROR in ch.qos.logback.core.rolling.RollingFileAppender[HIBERNATE-FILE] - openFile(null,true) call failed. java.io.FileNotFoundException: /var/log/extract/hibernate.2025-10-27.log (No such file or directory)
ERROR in ch.qos.logback.core.rolling.RollingFileAppender[CONNECTORS-FILE] - Failed to create parent directories for [/var/log/extract/connectors.2025-10-27.log]
ERROR in ch.qos.logback.core.rolling.RollingFileAppender[CONNECTORS-FILE] - openFile(null,true) call failed. java.io.FileNotFoundException: /var/log/extract/connectors.2025-10-27.log (No such file or directory)
ERROR in ch.qos.logback.core.rolling.RollingFileAppender[ORCHESTRATOR-FILE] - Failed to create parent directories for [/var/log/extract/orchestrator.2025-10-27.log]
ERROR in ch.qos.logback.core.rolling.RollingFileAppender[ORCHESTRATOR-FILE] - openFile(null,true) call failed. java.io.FileNotFoundException: /var/log/extract/orchestrator.2025-10-27.log (No such file or directory)
ERROR in ch.qos.logback.core.rolling.RollingFileAppender[TASKS-FILE] - Failed to create parent directories for [/var/log/extract/task-plugins.2025-10-27.log]
ERROR in ch.qos.logback.core.rolling.RollingFileAppender[TASKS-FILE] - openFile(null,true) call failed. java.io.FileNotFoundException: /var/log/extract/task-plugins.2025-10-27.log (No such file or directory)
ERROR in ch.qos.logback.core.rolling.RollingFileAppender[THYMELEAF-FILE] - Failed to create parent directories for [/var/log/extract/thymeleaf.2025-10-27.log]
ERROR in ch.qos.logback.core.rolling.RollingFileAppender[THYMELEAF-FILE] - openFile(null,true) call failed. java.io.FileNotFoundException: /var/log/extract/thymeleaf.2025-10-27.log (No such file or directory)
ERROR in ch.qos.logback.core.rolling.RollingFileAppender[WEB-FILE] - Failed to create parent directories for [/var/log/extract/web.2025-10-27.log]
ERROR in ch.qos.logback.core.rolling.RollingFileAppender[WEB-FILE] - openFile(null,true) call failed. java.io.FileNotFoundException: /var/log/extract/web.2025-10-27.log (No such file or directory)
	at org.springframework.boot.logging.logback.LogbackLoggingSystem.reportConfigurationErrorsIfNecessary(LogbackLoggingSystem.java:189)
	at org.springframework.boot.logging.logback.LogbackLoggingSystem.loadConfiguration(LogbackLoggingSystem.java:170)
	at org.springframework.boot.logging.AbstractLoggingSystem.initializeWithSpecificConfig(AbstractLoggingSystem.java:66)
	at org.springframework.boot.logging.AbstractLoggingSystem.initialize(AbstractLoggingSystem.java:57)
	at org.springframework.boot.logging.logback.LogbackLoggingSystem.initialize(LogbackLoggingSystem.java:132)
	at org.springframework.boot.context.logging.LoggingApplicationListener.initializeSystem(LoggingApplicationListener.java:332)
	... 21 common frames omitted
	Suppressed: java.io.FileNotFoundException: /var/log/extract/extract.2025-10-27.log (No such file or directory)
		at java.base/java.io.FileOutputStream.open0(Native Method)
		at java.base/java.io.FileOutputStream.open(FileOutputStream.java:289)
		at java.base/java.io.FileOutputStream.<init>(FileOutputStream.java:230)
		at ch.qos.logback.core.recovery.ResilientFileOutputStream.<init>(ResilientFileOutputStream.java:26)
		at ch.qos.logback.core.FileAppender.openFile(FileAppender.java:204)
		at ch.qos.logback.core.FileAppender.start(FileAppender.java:127)
		at ch.qos.logback.core.rolling.RollingFileAppender.start(RollingFileAppender.java:100)
		at ch.qos.logback.core.joran.action.AppenderAction.end(AppenderAction.java:90)
		at ch.qos.logback.core.joran.spi.Interpreter.callEndAction(Interpreter.java:309)
		at ch.qos.logback.core.joran.spi.Interpreter.endElement(Interpreter.java:193)
		at ch.qos.logback.core.joran.spi.Interpreter.endElement(Interpreter.java:179)
		at ch.qos.logback.core.joran.spi.EventPlayer.play(EventPlayer.java:62)
		at ch.qos.logback.core.joran.GenericConfigurator.doConfigure(GenericConfigurator.java:165)
		at ch.qos.logback.core.joran.GenericConfigurator.doConfigure(GenericConfigurator.java:152)
		at ch.qos.logback.core.joran.GenericConfigurator.doConfigure(GenericConfigurator.java:110)
		at ch.qos.logback.core.joran.GenericConfigurator.doConfigure(GenericConfigurator.java:53)
		at org.springframework.boot.logging.logback.LogbackLoggingSystem.configureByResourceUrl(LogbackLoggingSystem.java:199)
		at org.springframework.boot.logging.logback.LogbackLoggingSystem.loadConfiguration(LogbackLoggingSystem.java:165)
		... 25 common frames omitted
	Suppressed: java.io.FileNotFoundException: /var/log/extract/email.2025-10-27.log (No such file or directory)
		at java.base/java.io.FileOutputStream.open0(Native Method)
		at java.base/java.io.FileOutputStream.open(FileOutputStream.java:289)
		at java.base/java.io.FileOutputStream.<init>(FileOutputStream.java:230)
		at ch.qos.logback.core.recovery.ResilientFileOutputStream.<init>(ResilientFileOutputStream.java:26)
		at ch.qos.logback.core.FileAppender.openFile(FileAppender.java:204)
		at ch.qos.logback.core.FileAppender.start(FileAppender.java:127)
		at ch.qos.logback.core.rolling.RollingFileAppender.start(RollingFileAppender.java:100)
		at ch.qos.logback.core.joran.action.AppenderAction.end(AppenderAction.java:90)
		at ch.qos.logback.core.joran.spi.Interpreter.callEndAction(Interpreter.java:309)
		at ch.qos.logback.core.joran.spi.Interpreter.endElement(Interpreter.java:193)
		at ch.qos.logback.core.joran.spi.Interpreter.endElement(Interpreter.java:179)
		at ch.qos.logback.core.joran.spi.EventPlayer.play(EventPlayer.java:62)
		at ch.qos.logback.core.joran.GenericConfigurator.doConfigure(GenericConfigurator.java:165)
		at ch.qos.logback.core.joran.GenericConfigurator.doConfigure(GenericConfigurator.java:152)
		at ch.qos.logback.core.joran.GenericConfigurator.doConfigure(GenericConfigurator.java:110)
		at ch.qos.logback.core.joran.GenericConfigurator.doConfigure(GenericConfigurator.java:53)
		at org.springframework.boot.logging.logback.LogbackLoggingSystem.configureByResourceUrl(LogbackLoggingSystem.java:199)
		at org.springframework.boot.logging.logback.LogbackLoggingSystem.loadConfiguration(LogbackLoggingSystem.java:165)
		... 25 common frames omitted
	Suppressed: java.io.FileNotFoundException: /var/log/extract/hibernate.2025-10-27.log (No such file or directory)
		at java.base/java.io.FileOutputStream.open0(Native Method)
		at java.base/java.io.FileOutputStream.open(FileOutputStream.java:289)
		at java.base/java.io.FileOutputStream.<init>(FileOutputStream.java:230)
		at ch.qos.logback.core.recovery.ResilientFileOutputStream.<init>(ResilientFileOutputStream.java:26)
		at ch.qos.logback.core.FileAppender.openFile(FileAppender.java:204)
		at ch.qos.logback.core.FileAppender.start(FileAppender.java:127)
		at ch.qos.logback.core.rolling.RollingFileAppender.start(RollingFileAppender.java:100)
		at ch.qos.logback.core.joran.action.AppenderAction.end(AppenderAction.java:90)
		at ch.qos.logback.core.joran.spi.Interpreter.callEndAction(Interpreter.java:309)
		at ch.qos.logback.core.joran.spi.Interpreter.endElement(Interpreter.java:193)
		at ch.qos.logback.core.joran.spi.Interpreter.endElement(Interpreter.java:179)
		at ch.qos.logback.core.joran.spi.EventPlayer.play(EventPlayer.java:62)
		at ch.qos.logback.core.joran.GenericConfigurator.doConfigure(GenericConfigurator.java:165)
		at ch.qos.logback.core.joran.GenericConfigurator.doConfigure(GenericConfigurator.java:152)
		at ch.qos.logback.core.joran.GenericConfigurator.doConfigure(GenericConfigurator.java:110)
		at ch.qos.logback.core.joran.GenericConfigurator.doConfigure(GenericConfigurator.java:53)
		at org.springframework.boot.logging.logback.LogbackLoggingSystem.configureByResourceUrl(LogbackLoggingSystem.java:199)
		at org.springframework.boot.logging.logback.LogbackLoggingSystem.loadConfiguration(LogbackLoggingSystem.java:165)
		... 25 common frames omitted
	Suppressed: java.io.FileNotFoundException: /var/log/extract/connectors.2025-10-27.log (No such file or directory)
		at java.base/java.io.FileOutputStream.open0(Native Method)
		at java.base/java.io.FileOutputStream.open(FileOutputStream.java:289)
		at java.base/java.io.FileOutputStream.<init>(FileOutputStream.java:230)
		at ch.qos.logback.core.recovery.ResilientFileOutputStream.<init>(ResilientFileOutputStream.java:26)
		at ch.qos.logback.core.FileAppender.openFile(FileAppender.java:204)
		at ch.qos.logback.core.FileAppender.start(FileAppender.java:127)
		at ch.qos.logback.core.rolling.RollingFileAppender.start(RollingFileAppender.java:100)
		at ch.qos.logback.core.joran.action.AppenderAction.end(AppenderAction.java:90)
		at ch.qos.logback.core.joran.spi.Interpreter.callEndAction(Interpreter.java:309)
		at ch.qos.logback.core.joran.spi.Interpreter.endElement(Interpreter.java:193)
		at ch.qos.logback.core.joran.spi.Interpreter.endElement(Interpreter.java:179)
		at ch.qos.logback.core.joran.spi.EventPlayer.play(EventPlayer.java:62)
		at ch.qos.logback.core.joran.GenericConfigurator.doConfigure(GenericConfigurator.java:165)
		at ch.qos.logback.core.joran.GenericConfigurator.doConfigure(GenericConfigurator.java:152)
		at ch.qos.logback.core.joran.GenericConfigurator.doConfigure(GenericConfigurator.java:110)
		at ch.qos.logback.core.joran.GenericConfigurator.doConfigure(GenericConfigurator.java:53)
		at org.springframework.boot.logging.logback.LogbackLoggingSystem.configureByResourceUrl(LogbackLoggingSystem.java:199)
		at org.springframework.boot.logging.logback.LogbackLoggingSystem.loadConfiguration(LogbackLoggingSystem.java:165)
		... 25 common frames omitted
	Suppressed: java.io.FileNotFoundException: /var/log/extract/orchestrator.2025-10-27.log (No such file or directory)
		at java.base/java.io.FileOutputStream.open0(Native Method)
		at java.base/java.io.FileOutputStream.open(FileOutputStream.java:289)
		at java.base/java.io.FileOutputStream.<init>(FileOutputStream.java:230)
		at ch.qos.logback.core.recovery.ResilientFileOutputStream.<init>(ResilientFileOutputStream.java:26)
		at ch.qos.logback.core.FileAppender.openFile(FileAppender.java:204)
		at ch.qos.logback.core.FileAppender.start(FileAppender.java:127)
		at ch.qos.logback.core.rolling.RollingFileAppender.start(RollingFileAppender.java:100)
		at ch.qos.logback.core.joran.action.AppenderAction.end(AppenderAction.java:90)
		at ch.qos.logback.core.joran.spi.Interpreter.callEndAction(Interpreter.java:309)
		at ch.qos.logback.core.joran.spi.Interpreter.endElement(Interpreter.java:193)
		at ch.qos.logback.core.joran.spi.Interpreter.endElement(Interpreter.java:179)
		at ch.qos.logback.core.joran.spi.EventPlayer.play(EventPlayer.java:62)
		at ch.qos.logback.core.joran.GenericConfigurator.doConfigure(GenericConfigurator.java:165)
		at ch.qos.logback.core.joran.GenericConfigurator.doConfigure(GenericConfigurator.java:152)
		at ch.qos.logback.core.joran.GenericConfigurator.doConfigure(GenericConfigurator.java:110)
		at ch.qos.logback.core.joran.GenericConfigurator.doConfigure(GenericConfigurator.java:53)
		at org.springframework.boot.logging.logback.LogbackLoggingSystem.configureByResourceUrl(LogbackLoggingSystem.java:199)
		at org.springframework.boot.logging.logback.LogbackLoggingSystem.loadConfiguration(LogbackLoggingSystem.java:165)
		... 25 common frames omitted
	Suppressed: java.io.FileNotFoundException: /var/log/extract/task-plugins.2025-10-27.log (No such file or directory)
		at java.base/java.io.FileOutputStream.open0(Native Method)
		at java.base/java.io.FileOutputStream.open(FileOutputStream.java:289)
		at java.base/java.io.FileOutputStream.<init>(FileOutputStream.java:230)
		at ch.qos.logback.core.recovery.ResilientFileOutputStream.<init>(ResilientFileOutputStream.java:26)
		at ch.qos.logback.core.FileAppender.openFile(FileAppender.java:204)
		at ch.qos.logback.core.FileAppender.start(FileAppender.java:127)
		at ch.qos.logback.core.rolling.RollingFileAppender.start(RollingFileAppender.java:100)
		at ch.qos.logback.core.joran.action.AppenderAction.end(AppenderAction.java:90)
		at ch.qos.logback.core.joran.spi.Interpreter.callEndAction(Interpreter.java:309)
		at ch.qos.logback.core.joran.spi.Interpreter.endElement(Interpreter.java:193)
		at ch.qos.logback.core.joran.spi.Interpreter.endElement(Interpreter.java:179)
		at ch.qos.logback.core.joran.spi.EventPlayer.play(EventPlayer.java:62)
		at ch.qos.logback.core.joran.GenericConfigurator.doConfigure(GenericConfigurator.java:165)
		at ch.qos.logback.core.joran.GenericConfigurator.doConfigure(GenericConfigurator.java:152)
		at ch.qos.logback.core.joran.GenericConfigurator.doConfigure(GenericConfigurator.java:110)
		at ch.qos.logback.core.joran.GenericConfigurator.doConfigure(GenericConfigurator.java:53)
		at org.springframework.boot.logging.logback.LogbackLoggingSystem.configureByResourceUrl(LogbackLoggingSystem.java:199)
		at org.springframework.boot.logging.logback.LogbackLoggingSystem.loadConfiguration(LogbackLoggingSystem.java:165)
		... 25 common frames omitted
	Suppressed: java.io.FileNotFoundException: /var/log/extract/thymeleaf.2025-10-27.log (No such file or directory)
		at java.base/java.io.FileOutputStream.open0(Native Method)
		at java.base/java.io.FileOutputStream.open(FileOutputStream.java:289)
		at java.base/java.io.FileOutputStream.<init>(FileOutputStream.java:230)
		at ch.qos.logback.core.recovery.ResilientFileOutputStream.<init>(ResilientFileOutputStream.java:26)
		at ch.qos.logback.core.FileAppender.openFile(FileAppender.java:204)
		at ch.qos.logback.core.FileAppender.start(FileAppender.java:127)
		at ch.qos.logback.core.rolling.RollingFileAppender.start(RollingFileAppender.java:100)
		at ch.qos.logback.core.joran.action.AppenderAction.end(AppenderAction.java:90)
		at ch.qos.logback.core.joran.spi.Interpreter.callEndAction(Interpreter.java:309)
		at ch.qos.logback.core.joran.spi.Interpreter.endElement(Interpreter.java:193)
		at ch.qos.logback.core.joran.spi.Interpreter.endElement(Interpreter.java:179)
		at ch.qos.logback.core.joran.spi.EventPlayer.play(EventPlayer.java:62)
		at ch.qos.logback.core.joran.GenericConfigurator.doConfigure(GenericConfigurator.java:165)
		at ch.qos.logback.core.joran.GenericConfigurator.doConfigure(GenericConfigurator.java:152)
		at ch.qos.logback.core.joran.GenericConfigurator.doConfigure(GenericConfigurator.java:110)
		at ch.qos.logback.core.joran.GenericConfigurator.doConfigure(GenericConfigurator.java:53)
		at org.springframework.boot.logging.logback.LogbackLoggingSystem.configureByResourceUrl(LogbackLoggingSystem.java:199)
		at org.springframework.boot.logging.logback.LogbackLoggingSystem.loadConfiguration(LogbackLoggingSystem.java:165)
		... 25 common frames omitted
	Suppressed: java.io.FileNotFoundException: /var/log/extract/web.2025-10-27.log (No such file or directory)
		at java.base/java.io.FileOutputStream.open0(Native Method)
		at java.base/java.io.FileOutputStream.open(FileOutputStream.java:289)
		at java.base/java.io.FileOutputStream.<init>(FileOutputStream.java:230)
		at ch.qos.logback.core.recovery.ResilientFileOutputStream.<init>(ResilientFileOutputStream.java:26)
		at ch.qos.logback.core.FileAppender.openFile(FileAppender.java:204)
		at ch.qos.logback.core.FileAppender.start(FileAppender.java:127)
		at ch.qos.logback.core.rolling.RollingFileAppender.start(RollingFileAppender.java:100)
		at ch.qos.logback.core.joran.action.AppenderAction.end(AppenderAction.java:90)
		at ch.qos.logback.core.joran.spi.Interpreter.callEndAction(Interpreter.java:309)
		at ch.qos.logback.core.joran.spi.Interpreter.endElement(Interpreter.java:193)
		at ch.qos.logback.core.joran.spi.Interpreter.endElement(Interpreter.java:179)
		at ch.qos.logback.core.joran.spi.EventPlayer.play(EventPlayer.java:62)
		at ch.qos.logback.core.joran.GenericConfigurator.doConfigure(GenericConfigurator.java:165)
		at ch.qos.logback.core.joran.GenericConfigurator.doConfigure(GenericConfigurator.java:152)
		at ch.qos.logback.core.joran.GenericConfigurator.doConfigure(GenericConfigurator.java:110)
		at ch.qos.logback.core.joran.GenericConfigurator.doConfigure(GenericConfigurator.java:53)
		at org.springframework.boot.logging.logback.LogbackLoggingSystem.configureByResourceUrl(LogbackLoggingSystem.java:199)
		at org.springframework.boot.logging.logback.LogbackLoggingSystem.loadConfiguration(LogbackLoggingSystem.java:165)
		... 25 common frames omitted
Exception in thread "restartedMain" java.lang.reflect.InvocationTargetException
	at java.base/jdk.internal.reflect.DirectMethodHandleAccessor.invoke(DirectMethodHandleAccessor.java:118)
	at java.base/java.lang.reflect.Method.invoke(Method.java:580)
	at org.springframework.boot.devtools.restart.RestartLauncher.run(RestartLauncher.java:50)
Caused by: java.lang.IllegalStateException: java.lang.IllegalStateException: Logback configuration error detected: 
ERROR in ch.qos.logback.core.rolling.RollingFileAppender[FILE] - Failed to create parent directories for [/var/log/extract/extract.2025-10-27.log]
ERROR in ch.qos.logback.core.rolling.RollingFileAppender[FILE] - openFile(null,true) call failed. java.io.FileNotFoundException: /var/log/extract/extract.2025-10-27.log (No such file or directory)
ERROR in ch.qos.logback.core.rolling.RollingFileAppender[EMAIL-FILE] - Failed to create parent directories for [/var/log/extract/email.2025-10-27.log]
ERROR in ch.qos.logback.core.rolling.RollingFileAppender[EMAIL-FILE] - openFile(null,true) call failed. java.io.FileNotFoundException: /var/log/extract/email.2025-10-27.log (No such file or directory)
ERROR in ch.qos.logback.core.rolling.RollingFileAppender[HIBERNATE-FILE] - Failed to create parent directories for [/var/log/extract/hibernate.2025-10-27.log]
ERROR in ch.qos.logback.core.rolling.RollingFileAppender[HIBERNATE-FILE] - openFile(null,true) call failed. java.io.FileNotFoundException: /var/log/extract/hibernate.2025-10-27.log (No such file or directory)
ERROR in ch.qos.logback.core.rolling.RollingFileAppender[CONNECTORS-FILE] - Failed to create parent directories for [/var/log/extract/connectors.2025-10-27.log]
ERROR in ch.qos.logback.core.rolling.RollingFileAppender[CONNECTORS-FILE] - openFile(null,true) call failed. java.io.FileNotFoundException: /var/log/extract/connectors.2025-10-27.log (No such file or directory)
ERROR in ch.qos.logback.core.rolling.RollingFileAppender[ORCHESTRATOR-FILE] - Failed to create parent directories for [/var/log/extract/orchestrator.2025-10-27.log]
ERROR in ch.qos.logback.core.rolling.RollingFileAppender[ORCHESTRATOR-FILE] - openFile(null,true) call failed. java.io.FileNotFoundException: /var/log/extract/orchestrator.2025-10-27.log (No such file or directory)
ERROR in ch.qos.logback.core.rolling.RollingFileAppender[TASKS-FILE] - Failed to create parent directories for [/var/log/extract/task-plugins.2025-10-27.log]
ERROR in ch.qos.logback.core.rolling.RollingFileAppender[TASKS-FILE] - openFile(null,true) call failed. java.io.FileNotFoundException: /var/log/extract/task-plugins.2025-10-27.log (No such file or directory)
ERROR in ch.qos.logback.core.rolling.RollingFileAppender[THYMELEAF-FILE] - Failed to create parent directories for [/var/log/extract/thymeleaf.2025-10-27.log]
ERROR in ch.qos.logback.core.rolling.RollingFileAppender[THYMELEAF-FILE] - openFile(null,true) call failed. java.io.FileNotFoundException: /var/log/extract/thymeleaf.2025-10-27.log (No such file or directory)
ERROR in ch.qos.logback.core.rolling.RollingFileAppender[WEB-FILE] - Failed to create parent directories for [/var/log/extract/web.2025-10-27.log]
ERROR in ch.qos.logback.core.rolling.RollingFileAppender[WEB-FILE] - openFile(null,true) call failed. java.io.FileNotFoundException: /var/log/extract/web.2025-10-27.log (No such file or directory)
	at org.springframework.boot.context.logging.LoggingApplicationListener.initializeSystem(LoggingApplicationListener.java:344)
	at org.springframework.boot.context.logging.LoggingApplicationListener.initialize(LoggingApplicationListener.java:298)
	at org.springframework.boot.context.logging.LoggingApplicationListener.onApplicationEnvironmentPreparedEvent(LoggingApplicationListener.java:246)
	at org.springframework.boot.context.logging.LoggingApplicationListener.onApplicationEvent(LoggingApplicationListener.java:223)
	at org.springframework.context.event.SimpleApplicationEventMulticaster.doInvokeListener(SimpleApplicationEventMulticaster.java:178)
	at org.springframework.context.event.SimpleApplicationEventMulticaster.invokeListener(SimpleApplicationEventMulticaster.java:171)
	at org.springframework.context.event.SimpleApplicationEventMulticaster.multicastEvent(SimpleApplicationEventMulticaster.java:145)
	at org.springframework.context.event.SimpleApplicationEventMulticaster.multicastEvent(SimpleApplicationEventMulticaster.java:133)
	at org.springframework.boot.context.event.EventPublishingRunListener.environmentPrepared(EventPublishingRunListener.java:85)
	at org.springframework.boot.SpringApplicationRunListeners.lambda$environmentPrepared$2(SpringApplicationRunListeners.java:66)
	at java.base/java.util.ArrayList.forEach(ArrayList.java:1596)
	at org.springframework.boot.SpringApplicationRunListeners.doWithListeners(SpringApplicationRunListeners.java:120)
	at org.springframework.boot.SpringApplicationRunListeners.doWithListeners(SpringApplicationRunListeners.java:114)
	at org.springframework.boot.SpringApplicationRunListeners.environmentPrepared(SpringApplicationRunListeners.java:65)
	at org.springframework.boot.SpringApplication.prepareEnvironment(SpringApplication.java:344)
	at org.springframework.boot.SpringApplication.run(SpringApplication.java:302)
	at org.springframework.boot.SpringApplication.run(SpringApplication.java:1300)
	at org.springframework.boot.SpringApplication.run(SpringApplication.java:1289)
	at ch.asit_asso.extract.ExtractApplication.main(ExtractApplication.java:51)
	at java.base/jdk.internal.reflect.DirectMethodHandleAccessor.invoke(DirectMethodHandleAccessor.java:103)
	... 2 more
Caused by: java.lang.IllegalStateException: Logback configuration error detected: 
ERROR in ch.qos.logback.core.rolling.RollingFileAppender[FILE] - Failed to create parent directories for [/var/log/extract/extract.2025-10-27.log]
ERROR in ch.qos.logback.core.rolling.RollingFileAppender[FILE] - openFile(null,true) call failed. java.io.FileNotFoundException: /var/log/extract/extract.2025-10-27.log (No such file or directory)
ERROR in ch.qos.logback.core.rolling.RollingFileAppender[EMAIL-FILE] - Failed to create parent directories for [/var/log/extract/email.2025-10-27.log]
ERROR in ch.qos.logback.core.rolling.RollingFileAppender[EMAIL-FILE] - openFile(null,true) call failed. java.io.FileNotFoundException: /var/log/extract/email.2025-10-27.log (No such file or directory)
ERROR in ch.qos.logback.core.rolling.RollingFileAppender[HIBERNATE-FILE] - Failed to create parent directories for [/var/log/extract/hibernate.2025-10-27.log]
ERROR in ch.qos.logback.core.rolling.RollingFileAppender[HIBERNATE-FILE] - openFile(null,true) call failed. java.io.FileNotFoundException: /var/log/extract/hibernate.2025-10-27.log (No such file or directory)
ERROR in ch.qos.logback.core.rolling.RollingFileAppender[CONNECTORS-FILE] - Failed to create parent directories for [/var/log/extract/connectors.2025-10-27.log]
ERROR in ch.qos.logback.core.rolling.RollingFileAppender[CONNECTORS-FILE] - openFile(null,true) call failed. java.io.FileNotFoundException: /var/log/extract/connectors.2025-10-27.log (No such file or directory)
ERROR in ch.qos.logback.core.rolling.RollingFileAppender[ORCHESTRATOR-FILE] - Failed to create parent directories for [/var/log/extract/orchestrator.2025-10-27.log]
ERROR in ch.qos.logback.core.rolling.RollingFileAppender[ORCHESTRATOR-FILE] - openFile(null,true) call failed. java.io.FileNotFoundException: /var/log/extract/orchestrator.2025-10-27.log (No such file or directory)
ERROR in ch.qos.logback.core.rolling.RollingFileAppender[TASKS-FILE] - Failed to create parent directories for [/var/log/extract/task-plugins.2025-10-27.log]
ERROR in ch.qos.logback.core.rolling.RollingFileAppender[TASKS-FILE] - openFile(null,true) call failed. java.io.FileNotFoundException: /var/log/extract/task-plugins.2025-10-27.log (No such file or directory)
ERROR in ch.qos.logback.core.rolling.RollingFileAppender[THYMELEAF-FILE] - Failed to create parent directories for [/var/log/extract/thymeleaf.2025-10-27.log]
ERROR in ch.qos.logback.core.rolling.RollingFileAppender[THYMELEAF-FILE] - openFile(null,true) call failed. java.io.FileNotFoundException: /var/log/extract/thymeleaf.2025-10-27.log (No such file or directory)
ERROR in ch.qos.logback.core.rolling.RollingFileAppender[WEB-FILE] - Failed to create parent directories for [/var/log/extract/web.2025-10-27.log]
ERROR in ch.qos.logback.core.rolling.RollingFileAppender[WEB-FILE] - openFile(null,true) call failed. java.io.FileNotFoundException: /var/log/extract/web.2025-10-27.log (No such file or directory)
	at org.springframework.boot.logging.logback.LogbackLoggingSystem.reportConfigurationErrorsIfNecessary(LogbackLoggingSystem.java:189)
	at org.springframework.boot.logging.logback.LogbackLoggingSystem.loadConfiguration(LogbackLoggingSystem.java:170)
	at org.springframework.boot.logging.AbstractLoggingSystem.initializeWithSpecificConfig(AbstractLoggingSystem.java:66)
	at org.springframework.boot.logging.AbstractLoggingSystem.initialize(AbstractLoggingSystem.java:57)
	at org.springframework.boot.logging.logback.LogbackLoggingSystem.initialize(LogbackLoggingSystem.java:132)
	at org.springframework.boot.context.logging.LoggingApplicationListener.initializeSystem(LoggingApplicationListener.java:332)
	... 21 more
	Suppressed: java.io.FileNotFoundException: /var/log/extract/extract.2025-10-27.log (No such file or directory)
		at java.base/java.io.FileOutputStream.open0(Native Method)
		at java.base/java.io.FileOutputStream.open(FileOutputStream.java:289)
		at java.base/java.io.FileOutputStream.<init>(FileOutputStream.java:230)
		at ch.qos.logback.core.recovery.ResilientFileOutputStream.<init>(ResilientFileOutputStream.java:26)
		at ch.qos.logback.core.FileAppender.openFile(FileAppender.java:204)
		at ch.qos.logback.core.FileAppender.start(FileAppender.java:127)
		at ch.qos.logback.core.rolling.RollingFileAppender.start(RollingFileAppender.java:100)
		at ch.qos.logback.core.joran.action.AppenderAction.end(AppenderAction.java:90)
		at ch.qos.logback.core.joran.spi.Interpreter.callEndAction(Interpreter.java:309)
		at ch.qos.logback.core.joran.spi.Interpreter.endElement(Interpreter.java:193)
		at ch.qos.logback.core.joran.spi.Interpreter.endElement(Interpreter.java:179)
		at ch.qos.logback.core.joran.spi.EventPlayer.play(EventPlayer.java:62)
		at ch.qos.logback.core.joran.GenericConfigurator.doConfigure(GenericConfigurator.java:165)
		at ch.qos.logback.core.joran.GenericConfigurator.doConfigure(GenericConfigurator.java:152)
		at ch.qos.logback.core.joran.GenericConfigurator.doConfigure(GenericConfigurator.java:110)
		at ch.qos.logback.core.joran.GenericConfigurator.doConfigure(GenericConfigurator.java:53)
		at org.springframework.boot.logging.logback.LogbackLoggingSystem.configureByResourceUrl(LogbackLoggingSystem.java:199)
		at org.springframework.boot.logging.logback.LogbackLoggingSystem.loadConfiguration(LogbackLoggingSystem.java:165)
		... 25 more
	Suppressed: java.io.FileNotFoundException: /var/log/extract/email.2025-10-27.log (No such file or directory)
		at java.base/java.io.FileOutputStream.open0(Native Method)
		at java.base/java.io.FileOutputStream.open(FileOutputStream.java:289)
		at java.base/java.io.FileOutputStream.<init>(FileOutputStream.java:230)
		at ch.qos.logback.core.recovery.ResilientFileOutputStream.<init>(ResilientFileOutputStream.java:26)
		at ch.qos.logback.core.FileAppender.openFile(FileAppender.java:204)
		at ch.qos.logback.core.FileAppender.start(FileAppender.java:127)
		at ch.qos.logback.core.rolling.RollingFileAppender.start(RollingFileAppender.java:100)
		at ch.qos.logback.core.joran.action.AppenderAction.end(AppenderAction.java:90)
		at ch.qos.logback.core.joran.spi.Interpreter.callEndAction(Interpreter.java:309)
		at ch.qos.logback.core.joran.spi.Interpreter.endElement(Interpreter.java:193)
		at ch.qos.logback.core.joran.spi.Interpreter.endElement(Interpreter.java:179)
		at ch.qos.logback.core.joran.spi.EventPlayer.play(EventPlayer.java:62)
		at ch.qos.logback.core.joran.GenericConfigurator.doConfigure(GenericConfigurator.java:165)
		at ch.qos.logback.core.joran.GenericConfigurator.doConfigure(GenericConfigurator.java:152)
		at ch.qos.logback.core.joran.GenericConfigurator.doConfigure(GenericConfigurator.java:110)
		at ch.qos.logback.core.joran.GenericConfigurator.doConfigure(GenericConfigurator.java:53)
		at org.springframework.boot.logging.logback.LogbackLoggingSystem.configureByResourceUrl(LogbackLoggingSystem.java:199)
		at org.springframework.boot.logging.logback.LogbackLoggingSystem.loadConfiguration(LogbackLoggingSystem.java:165)
		... 25 more
	Suppressed: java.io.FileNotFoundException: /var/log/extract/hibernate.2025-10-27.log (No such file or directory)
		at java.base/java.io.FileOutputStream.open0(Native Method)
		at java.base/java.io.FileOutputStream.open(FileOutputStream.java:289)
		at java.base/java.io.FileOutputStream.<init>(FileOutputStream.java:230)
		at ch.qos.logback.core.recovery.ResilientFileOutputStream.<init>(ResilientFileOutputStream.java:26)
		at ch.qos.logback.core.FileAppender.openFile(FileAppender.java:204)
		at ch.qos.logback.core.FileAppender.start(FileAppender.java:127)
		at ch.qos.logback.core.rolling.RollingFileAppender.start(RollingFileAppender.java:100)
		at ch.qos.logback.core.joran.action.AppenderAction.end(AppenderAction.java:90)
		at ch.qos.logback.core.joran.spi.Interpreter.callEndAction(Interpreter.java:309)
		at ch.qos.logback.core.joran.spi.Interpreter.endElement(Interpreter.java:193)
		at ch.qos.logback.core.joran.spi.Interpreter.endElement(Interpreter.java:179)
		at ch.qos.logback.core.joran.spi.EventPlayer.play(EventPlayer.java:62)
		at ch.qos.logback.core.joran.GenericConfigurator.doConfigure(GenericConfigurator.java:165)
		at ch.qos.logback.core.joran.GenericConfigurator.doConfigure(GenericConfigurator.java:152)
		at ch.qos.logback.core.joran.GenericConfigurator.doConfigure(GenericConfigurator.java:110)
		at ch.qos.logback.core.joran.GenericConfigurator.doConfigure(GenericConfigurator.java:53)
		at org.springframework.boot.logging.logback.LogbackLoggingSystem.configureByResourceUrl(LogbackLoggingSystem.java:199)
		at org.springframework.boot.logging.logback.LogbackLoggingSystem.loadConfiguration(LogbackLoggingSystem.java:165)
		... 25 more
	Suppressed: java.io.FileNotFoundException: /var/log/extract/connectors.2025-10-27.log (No such file or directory)
		at java.base/java.io.FileOutputStream.open0(Native Method)
		at java.base/java.io.FileOutputStream.open(FileOutputStream.java:289)
		at java.base/java.io.FileOutputStream.<init>(FileOutputStream.java:230)
		at ch.qos.logback.core.recovery.ResilientFileOutputStream.<init>(ResilientFileOutputStream.java:26)
		at ch.qos.logback.core.FileAppender.openFile(FileAppender.java:204)
		at ch.qos.logback.core.FileAppender.start(FileAppender.java:127)
		at ch.qos.logback.core.rolling.RollingFileAppender.start(RollingFileAppender.java:100)
		at ch.qos.logback.core.joran.action.AppenderAction.end(AppenderAction.java:90)
		at ch.qos.logback.core.joran.spi.Interpreter.callEndAction(Interpreter.java:309)
		at ch.qos.logback.core.joran.spi.Interpreter.endElement(Interpreter.java:193)
		at ch.qos.logback.core.joran.spi.Interpreter.endElement(Interpreter.java:179)
		at ch.qos.logback.core.joran.spi.EventPlayer.play(EventPlayer.java:62)
		at ch.qos.logback.core.joran.GenericConfigurator.doConfigure(GenericConfigurator.java:165)
		at ch.qos.logback.core.joran.GenericConfigurator.doConfigure(GenericConfigurator.java:152)
		at ch.qos.logback.core.joran.GenericConfigurator.doConfigure(GenericConfigurator.java:110)
		at ch.qos.logback.core.joran.GenericConfigurator.doConfigure(GenericConfigurator.java:53)
		at org.springframework.boot.logging.logback.LogbackLoggingSystem.configureByResourceUrl(LogbackLoggingSystem.java:199)
		at org.springframework.boot.logging.logback.LogbackLoggingSystem.loadConfiguration(LogbackLoggingSystem.java:165)
		... 25 more
	Suppressed: java.io.FileNotFoundException: /var/log/extract/orchestrator.2025-10-27.log (No such file or directory)
		at java.base/java.io.FileOutputStream.open0(Native Method)
		at java.base/java.io.FileOutputStream.open(FileOutputStream.java:289)
		at java.base/java.io.FileOutputStream.<init>(FileOutputStream.java:230)
		at ch.qos.logback.core.recovery.ResilientFileOutputStream.<init>(ResilientFileOutputStream.java:26)
		at ch.qos.logback.core.FileAppender.openFile(FileAppender.java:204)
		at ch.qos.logback.core.FileAppender.start(FileAppender.java:127)
		at ch.qos.logback.core.rolling.RollingFileAppender.start(RollingFileAppender.java:100)
		at ch.qos.logback.core.joran.action.AppenderAction.end(AppenderAction.java:90)
		at ch.qos.logback.core.joran.spi.Interpreter.callEndAction(Interpreter.java:309)
		at ch.qos.logback.core.joran.spi.Interpreter.endElement(Interpreter.java:193)
		at ch.qos.logback.core.joran.spi.Interpreter.endElement(Interpreter.java:179)
		at ch.qos.logback.core.joran.spi.EventPlayer.play(EventPlayer.java:62)
		at ch.qos.logback.core.joran.GenericConfigurator.doConfigure(GenericConfigurator.java:165)
		at ch.qos.logback.core.joran.GenericConfigurator.doConfigure(GenericConfigurator.java:152)
		at ch.qos.logback.core.joran.GenericConfigurator.doConfigure(GenericConfigurator.java:110)
		at ch.qos.logback.core.joran.GenericConfigurator.doConfigure(GenericConfigurator.java:53)
		at org.springframework.boot.logging.logback.LogbackLoggingSystem.configureByResourceUrl(LogbackLoggingSystem.java:199)
		at org.springframework.boot.logging.logback.LogbackLoggingSystem.loadConfiguration(LogbackLoggingSystem.java:165)
		... 25 more
	Suppressed: java.io.FileNotFoundException: /var/log/extract/task-plugins.2025-10-27.log (No such file or directory)
		at java.base/java.io.FileOutputStream.open0(Native Method)
		at java.base/java.io.FileOutputStream.open(FileOutputStream.java:289)
		at java.base/java.io.FileOutputStream.<init>(FileOutputStream.java:230)
		at ch.qos.logback.core.recovery.ResilientFileOutputStream.<init>(ResilientFileOutputStream.java:26)
		at ch.qos.logback.core.FileAppender.openFile(FileAppender.java:204)
		at ch.qos.logback.core.FileAppender.start(FileAppender.java:127)
		at ch.qos.logback.core.rolling.RollingFileAppender.start(RollingFileAppender.java:100)
		at ch.qos.logback.core.joran.action.AppenderAction.end(AppenderAction.java:90)
		at ch.qos.logback.core.joran.spi.Interpreter.callEndAction(Interpreter.java:309)
		at ch.qos.logback.core.joran.spi.Interpreter.endElement(Interpreter.java:193)
		at ch.qos.logback.core.joran.spi.Interpreter.endElement(Interpreter.java:179)
		at ch.qos.logback.core.joran.spi.EventPlayer.play(EventPlayer.java:62)
		at ch.qos.logback.core.joran.GenericConfigurator.doConfigure(GenericConfigurator.java:165)
		at ch.qos.logback.core.joran.GenericConfigurator.doConfigure(GenericConfigurator.java:152)
		at ch.qos.logback.core.joran.GenericConfigurator.doConfigure(GenericConfigurator.java:110)
		at ch.qos.logback.core.joran.GenericConfigurator.doConfigure(GenericConfigurator.java:53)
		at org.springframework.boot.logging.logback.LogbackLoggingSystem.configureByResourceUrl(LogbackLoggingSystem.java:199)
		at org.springframework.boot.logging.logback.LogbackLoggingSystem.loadConfiguration(LogbackLoggingSystem.java:165)
		... 25 more
	Suppressed: java.io.FileNotFoundException: /var/log/extract/thymeleaf.2025-10-27.log (No such file or directory)
		at java.base/java.io.FileOutputStream.open0(Native Method)
		at java.base/java.io.FileOutputStream.open(FileOutputStream.java:289)
		at java.base/java.io.FileOutputStream.<init>(FileOutputStream.java:230)
		at ch.qos.logback.core.recovery.ResilientFileOutputStream.<init>(ResilientFileOutputStream.java:26)
		at ch.qos.logback.core.FileAppender.openFile(FileAppender.java:204)
		at ch.qos.logback.core.FileAppender.start(FileAppender.java:127)
		at ch.qos.logback.core.rolling.RollingFileAppender.start(RollingFileAppender.java:100)
		at ch.qos.logback.core.joran.action.AppenderAction.end(AppenderAction.java:90)
		at ch.qos.logback.core.joran.spi.Interpreter.callEndAction(Interpreter.java:309)
		at ch.qos.logback.core.joran.spi.Interpreter.endElement(Interpreter.java:193)
		at ch.qos.logback.core.joran.spi.Interpreter.endElement(Interpreter.java:179)
		at ch.qos.logback.core.joran.spi.EventPlayer.play(EventPlayer.java:62)
		at ch.qos.logback.core.joran.GenericConfigurator.doConfigure(GenericConfigurator.java:165)
		at ch.qos.logback.core.joran.GenericConfigurator.doConfigure(GenericConfigurator.java:152)
		at ch.qos.logback.core.joran.GenericConfigurator.doConfigure(GenericConfigurator.java:110)
		at ch.qos.logback.core.joran.GenericConfigurator.doConfigure(GenericConfigurator.java:53)
		at org.springframework.boot.logging.logback.LogbackLoggingSystem.configureByResourceUrl(LogbackLoggingSystem.java:199)
		at org.springframework.boot.logging.logback.LogbackLoggingSystem.loadConfiguration(LogbackLoggingSystem.java:165)
		... 25 more
	Suppressed: java.io.FileNotFoundException: /var/log/extract/web.2025-10-27.log (No such file or directory)
		at java.base/java.io.FileOutputStream.open0(Native Method)
		at java.base/java.io.FileOutputStream.open(FileOutputStream.java:289)
		at java.base/java.io.FileOutputStream.<init>(FileOutputStream.java:230)
		at ch.qos.logback.core.recovery.ResilientFileOutputStream.<init>(ResilientFileOutputStream.java:26)
		at ch.qos.logback.core.FileAppender.openFile(FileAppender.java:204)
		at ch.qos.logback.core.FileAppender.start(FileAppender.java:127)
		at ch.qos.logback.core.rolling.RollingFileAppender.start(RollingFileAppender.java:100)
		at ch.qos.logback.core.joran.action.AppenderAction.end(AppenderAction.java:90)
		at ch.qos.logback.core.joran.spi.Interpreter.callEndAction(Interpreter.java:309)
		at ch.qos.logback.core.joran.spi.Interpreter.endElement(Interpreter.java:193)
		at ch.qos.logback.core.joran.spi.Interpreter.endElement(Interpreter.java:179)
		at ch.qos.logback.core.joran.spi.EventPlayer.play(EventPlayer.java:62)
		at ch.qos.logback.core.joran.GenericConfigurator.doConfigure(GenericConfigurator.java:165)
		at ch.qos.logback.core.joran.GenericConfigurator.doConfigure(GenericConfigurator.java:152)
		at ch.qos.logback.core.joran.GenericConfigurator.doConfigure(GenericConfigurator.java:110)
		at ch.qos.logback.core.joran.GenericConfigurator.doConfigure(GenericConfigurator.java:53)
		at org.springframework.boot.logging.logback.LogbackLoggingSystem.configureByResourceUrl(LogbackLoggingSystem.java:199)
		at org.springframework.boot.logging.logback.LogbackLoggingSystem.loadConfiguration(LogbackLoggingSystem.java:165)
		... 25 more
[INFO] ------------------------------------------------------------------------
[INFO] BUILD SUCCESS
[INFO] ------------------------------------------------------------------------
[INFO] Total time: 4.976 s
[INFO] Finished at: 2025-10-27T08:39:16+01:00
[INFO] Final Memory: 63M/296M
[INFO] ------------------------------------------------------------------------
